07 Jan 2010 06:00:40 [main] ERROR com.webex.webapp.wapi.common.config.WAPIConfig  - Failed to register change notifier for config wapiConfig
com.webex.infraclient.WBXInfrastructureException: Use getInstance(String serviceType, String serviceName) First
	at com.webex.infraclient.WBXInfrastructure.getInstance(WBXInfrastructure.java:70)
	at com.webex.webapp.wapi.common.config.WAPIConfig.<init>(WAPIConfig.java:321)
	at com.webex.webapp.wapi.common.config.WAPIConfig.<init>(WAPIConfig.java:36)
	at com.webex.webapp.wapi.common.config.WAPIConfig$WAPIConfigHolder.<clinit>(WAPIConfig.java:297)
	at com.webex.webapp.wapi.common.config.WAPIConfig.getInstance(WAPIConfig.java:313)
	at com.webex.webapp.wapi.common.config.WAPICPUID.fetchCPUIDFromFile(WAPICPUID.java:162)
	at com.webex.webapp.wapi.common.config.WAPICPUID.getCPUID(WAPICPUID.java:128)
	at com.webex.UtilFilter.init(UtilFilter.java:43)
	at org.apache.catalina.core.ApplicationFilterConfig.getFilter(ApplicationFilterConfig.java:275)
	at org.apache.catalina.core.ApplicationFilterConfig.setFilterDef(ApplicationFilterConfig.java:397)
	at org.apache.catalina.core.ApplicationFilterConfig.<init>(ApplicationFilterConfig.java:108)
	at org.apache.catalina.core.StandardContext.filterStart(StandardContext.java:3696)
	at org.apache.catalina.core.StandardContext.start(StandardContext.java:4343)
	at org.apache.catalina.core.ContainerBase.addChildInternal(ContainerBase.java:791)
	at org.apache.catalina.core.ContainerBase.addChild(ContainerBase.java:771)
	at org.apache.catalina.core.StandardHost.addChild(StandardHost.java:525)
	at org.apache.catalina.startup.HostConfig.deployDescriptor(HostConfig.java:626)
	at org.apache.catalina.startup.HostConfig.deployDescriptors(HostConfig.java:553)
	at org.apache.catalina.startup.HostConfig.deployApps(HostConfig.java:488)
	at org.apache.catalina.startup.HostConfig.start(HostConfig.java:1138)
	at org.apache.catalina.startup.HostConfig.lifecycleEvent(HostConfig.java:311)
	at org.apache.catalina.util.LifecycleSupport.fireLifecycleEvent(LifecycleSupport.java:117)
	at org.apache.catalina.core.ContainerBase.start(ContainerBase.java:1053)
	at org.apache.catalina.core.StandardHost.start(StandardHost.java:719)
	at org.apache.catalina.core.ContainerBase.start(ContainerBase.java:1045)
	at org.apache.catalina.core.StandardEngine.start(StandardEngine.java:443)
	at org.apache.catalina.core.StandardService.start(StandardService.java:516)
	at org.apache.catalina.core.StandardServer.start(StandardServer.java:710)
	at org.apache.catalina.startup.Catalina.start(Catalina.java:566)
	at sun.reflect.NativeMethodAccessorImpl.invoke0(Native Method)
	at sun.reflect.NativeMethodAccessorImpl.invoke(NativeMethodAccessorImpl.java:39)
	at sun.reflect.DelegatingMethodAccessorImpl.invoke(DelegatingMethodAccessorImpl.java:25)
	at java.lang.reflect.Method.invoke(Method.java:597)
	at org.apache.catalina.startup.Bootstrap.start(Bootstrap.java:288)
	at org.apache.catalina.startup.Bootstrap.main(Bootstrap.java:413)
07 Jan 2010 06:00:40 [main] ERROR com.webex.webapp.wapi.common.ConfigUtil  - Error accessing Config Mgr for category wapiConfig and name wapiConfig
com.webex.infraclient.WBXInfrastructureException: Use getInstance(String serviceType, String serviceName) First
	at com.webex.infraclient.WBXInfrastructure.getInstance(WBXInfrastructure.java:70)
	at com.webex.webapp.wapi.common.ConfigUtil.getConfigDoc(ConfigUtil.java:78)
	at com.webex.webapp.wapi.common.config.WAPIConfig.internalConfigLoad(WAPIConfig.java:454)
	at com.webex.webapp.wapi.common.config.AbstractConfig.loadConfig(AbstractConfig.java:47)
	at com.webex.webapp.wapi.common.config.WAPIConfig.<init>(WAPIConfig.java:331)
	at com.webex.webapp.wapi.common.config.WAPIConfig.<init>(WAPIConfig.java:36)
	at com.webex.webapp.wapi.common.config.WAPIConfig$WAPIConfigHolder.<clinit>(WAPIConfig.java:297)
	at com.webex.webapp.wapi.common.config.WAPIConfig.getInstance(WAPIConfig.java:313)
	at com.webex.webapp.wapi.common.config.WAPICPUID.fetchCPUIDFromFile(WAPICPUID.java:162)
	at com.webex.webapp.wapi.common.config.WAPICPUID.getCPUID(WAPICPUID.java:128)
	at com.webex.UtilFilter.init(UtilFilter.java:43)
	at org.apache.catalina.core.ApplicationFilterConfig.getFilter(ApplicationFilterConfig.java:275)
	at org.apache.catalina.core.ApplicationFilterConfig.setFilterDef(ApplicationFilterConfig.java:397)
	at org.apache.catalina.core.ApplicationFilterConfig.<init>(ApplicationFilterConfig.java:108)
	at org.apache.catalina.core.StandardContext.filterStart(StandardContext.java:3696)
	at org.apache.catalina.core.StandardContext.start(StandardContext.java:4343)
	at org.apache.catalina.core.ContainerBase.addChildInternal(ContainerBase.java:791)
	at org.apache.catalina.core.ContainerBase.addChild(ContainerBase.java:771)
	at org.apache.catalina.core.StandardHost.addChild(StandardHost.java:525)
	at org.apache.catalina.startup.HostConfig.deployDescriptor(HostConfig.java:626)
	at org.apache.catalina.startup.HostConfig.deployDescriptors(HostConfig.java:553)
	at org.apache.catalina.startup.HostConfig.deployApps(HostConfig.java:488)
	at org.apache.catalina.startup.HostConfig.start(HostConfig.java:1138)
	at org.apache.catalina.startup.HostConfig.lifecycleEvent(HostConfig.java:311)
	at org.apache.catalina.util.LifecycleSupport.fireLifecycleEvent(LifecycleSupport.java:117)
	at org.apache.catalina.core.ContainerBase.start(ContainerBase.java:1053)
	at org.apache.catalina.core.StandardHost.start(StandardHost.java:719)
	at org.apache.catalina.core.ContainerBase.start(ContainerBase.java:1045)
	at org.apache.catalina.core.StandardEngine.start(StandardEngine.java:443)
	at org.apache.catalina.core.StandardService.start(StandardService.java:516)
	at org.apache.catalina.core.StandardServer.start(StandardServer.java:710)
	at org.apache.catalina.startup.Catalina.start(Catalina.java:566)
	at sun.reflect.NativeMethodAccessorImpl.invoke0(Native Method)
	at sun.reflect.NativeMethodAccessorImpl.invoke(NativeMethodAccessorImpl.java:39)
	at sun.reflect.DelegatingMethodAccessorImpl.invoke(DelegatingMethodAccessorImpl.java:25)
	at java.lang.reflect.Method.invoke(Method.java:597)
	at org.apache.catalina.startup.Bootstrap.start(Bootstrap.java:288)
	at org.apache.catalina.startup.Bootstrap.main(Bootstrap.java:413)
07 Jan 2010 06:00:40 [main] ERROR com.webex.webapp.wapi.common.config.WAPIConfig  - Unable to read CPUID from file = /usr/local/wapicpuid.txt, using random value = b9X
07 Jan 2010 06:00:41 [WAPIScheduler_Worker-1] DEBUG com.webex.webapp.wbxconnect.batch.HungBatchJobWatcher  - Entering HungBatchJobWatcher.
07 Jan 2010 06:00:43 [WAPIScheduler_Worker-1] DEBUG com.webex.webapp.wbxconnect.batch.HungBatchJobWatcher  - Exiting HungBatchJobWatcher.
07 Jan 2010 06:00:44 [Thread-13] ERROR com.webex.webapp.wbxconnect.session.CommandExec  - Unable to retrieve settings from ServiceMgr
AxisFault
 faultCode: {http://schemas.xmlsoap.org/soap/envelope/}Server.userException
 faultSubcode: 
 faultString: java.net.SocketException: Connection reset
 faultActor: 
 faultNode: 
 faultDetail: 
	{http://xml.apache.org/axis/}stackTrace:java.net.SocketException: Connection reset
	at java.net.SocketInputStream.read(SocketInputStream.java:168)
	at java.io.BufferedInputStream.fill(BufferedInputStream.java:218)
	at java.io.BufferedInputStream.read(BufferedInputStream.java:237)
	at org.apache.axis.transport.http.HTTPSender.readHeadersFromSocket(HTTPSender.java:583)
	at org.apache.axis.transport.http.HTTPSender.invoke(HTTPSender.java:143)
	at org.apache.axis.strategies.InvocationStrategy.visit(InvocationStrategy.java:32)
	at org.apache.axis.SimpleChain.doVisiting(SimpleChain.java:118)
	at org.apache.axis.SimpleChain.invoke(SimpleChain.java:83)
	at org.apache.axis.client.AxisClient.invoke(AxisClient.java:165)
	at org.apache.axis.client.Call.invokeEngine(Call.java:2784)
	at org.apache.axis.client.Call.invoke(Call.java:2767)
	at org.apache.axis.client.Call.invoke(Call.java:2443)
	at org.apache.axis.client.Call.invoke(Call.java:2366)
	at org.apache.axis.client.Call.invoke(Call.java:1812)
	at com.webex.serviceInfra.servicemanager.soap.ServiceManagerSoapBindingStub.getAvailableService(ServiceManagerSoapBindingStub.java:670)
	at com.webex.webapp.wbxconnect.session.CommandExec.setEndPoint(CommandExec.java:1528)
	at com.webex.webapp.wbxconnect.session.CommandExec.&lt;init&gt;(CommandExec.java:142)
	at sun.reflect.NativeConstructorAccessorImpl.newInstance0(Native Method)
	at sun.reflect.NativeConstructorAccessorImpl.newInstance(NativeConstructorAccessorImpl.java:39)
	at sun.reflect.DelegatingConstructorAccessorImpl.newInstance(DelegatingConstructorAccessorImpl.java:27)
	at java.lang.reflect.Constructor.newInstance(Constructor.java:513)
	at com.webex.webapp.wapi.common.WAPIUtil.createInstance(WAPIUtil.java:96)
	at com.webex.webapp.wapi.common.cache.PluginCache.get(PluginCache.java:87)
	at com.webex.webapp.wapi.session.CommandExec.getInstance(CommandExec.java:2931)
	at com.webex.webapp.wapi.session.SessionExec.getCommandExec(SessionExec.java:865)
	at com.webex.webapp.wapi.session.SessionExec.getOriginalObject(SessionExec.java:584)
	at com.webex.webapp.wapi.session.SessionExec.getOriginalObject(SessionExec.java:562)
	at com.webex.webapp.wbxconnect.servlet.PreloadServlet.loadPolicyObjects(PreloadServlet.java:95)
	at com.webex.webapp.wbxconnect.servlet.PreloadServlet.access$100(PreloadServlet.java:34)
	at com.webex.webapp.wbxconnect.servlet.PreloadServlet$1.run(PreloadServlet.java:49)

	{http://xml.apache.org/axis/}hostname:asz2wapi001.webex.com

java.net.SocketException: Connection reset
	at org.apache.axis.AxisFault.makeFault(AxisFault.java:101)
	at org.apache.axis.transport.http.HTTPSender.invoke(HTTPSender.java:154)
	at org.apache.axis.strategies.InvocationStrategy.visit(InvocationStrategy.java:32)
	at org.apache.axis.SimpleChain.doVisiting(SimpleChain.java:118)
	at org.apache.axis.SimpleChain.invoke(SimpleChain.java:83)
	at org.apache.axis.client.AxisClient.invoke(AxisClient.java:165)
	at org.apache.axis.client.Call.invokeEngine(Call.java:2784)
	at org.apache.axis.client.Call.invoke(Call.java:2767)
	at org.apache.axis.client.Call.invoke(Call.java:2443)
	at org.apache.axis.client.Call.invoke(Call.java:2366)
	at org.apache.axis.client.Call.invoke(Call.java:1812)
	at com.webex.serviceInfra.servicemanager.soap.ServiceManagerSoapBindingStub.getAvailableService(ServiceManagerSoapBindingStub.java:670)
	at com.webex.webapp.wbxconnect.session.CommandExec.setEndPoint(CommandExec.java:1528)
	at com.webex.webapp.wbxconnect.session.CommandExec.<init>(CommandExec.java:142)
	at sun.reflect.NativeConstructorAccessorImpl.newInstance0(Native Method)
	at sun.reflect.NativeConstructorAccessorImpl.newInstance(NativeConstructorAccessorImpl.java:39)
	at sun.reflect.DelegatingConstructorAccessorImpl.newInstance(DelegatingConstructorAccessorImpl.java:27)
	at java.lang.reflect.Constructor.newInstance(Constructor.java:513)
	at com.webex.webapp.wapi.common.WAPIUtil.createInstance(WAPIUtil.java:96)
	at com.webex.webapp.wapi.common.cache.PluginCache.get(PluginCache.java:87)
	at com.webex.webapp.wapi.session.CommandExec.getInstance(CommandExec.java:2931)
	at com.webex.webapp.wapi.session.SessionExec.getCommandExec(SessionExec.java:865)
	at com.webex.webapp.wapi.session.SessionExec.getOriginalObject(SessionExec.java:584)
	at com.webex.webapp.wapi.session.SessionExec.getOriginalObject(SessionExec.java:562)
	at com.webex.webapp.wbxconnect.servlet.PreloadServlet.loadPolicyObjects(PreloadServlet.java:95)
	at com.webex.webapp.wbxconnect.servlet.PreloadServlet.access$100(PreloadServlet.java:34)
	at com.webex.webapp.wbxconnect.servlet.PreloadServlet$1.run(PreloadServlet.java:49)
Caused by: java.net.SocketException: Connection reset
	at java.net.SocketInputStream.read(SocketInputStream.java:168)
	at java.io.BufferedInputStream.fill(BufferedInputStream.java:218)
	at java.io.BufferedInputStream.read(BufferedInputStream.java:237)
	at org.apache.axis.transport.http.HTTPSender.readHeadersFromSocket(HTTPSender.java:583)
	at org.apache.axis.transport.http.HTTPSender.invoke(HTTPSender.java:143)
	... 25 more
07 Jan 2010 06:00:50 [Thread-12] ERROR com.webex.infraclient.service.WBXServiceMgrClient  - ; nested exception is: 
	java.net.SocketException: Connection reset
